<?xml version="1.0" encoding="UTF-8"?>
<!-- Generated by org.testng.reporters.JUnitReportReporter -->
<testsuite hostname="TITAN" failures="0" tests="1" name="basicsSelenium.joto" time="13.522" errors="0" timestamp="2021-11-26T09:29:33 MST" skipped="0">
  <testcase classname="basicsSelenium.joto" name="LaunchBrowser" time="13.522"/>
  <system-out/>
</testsuite> <!-- basicsSelenium.joto -->
