<?xml version="1.0" encoding="UTF-8"?>
<!-- Generated by org.testng.reporters.JUnitReportReporter -->
<testsuite hostname="TITAN" failures="0" tests="1" name="joto" time="14.051" errors="0" timestamp="2021-11-25T20:37:05 MST" skipped="0">
  <testcase classname="joto" name="LaunchBrowser" time="14.051"/>
  <system-out/>
</testsuite> <!-- joto -->
