<?xml version="1.0" encoding="UTF-8"?>
<!-- Generated by org.testng.reporters.JUnitReportReporter -->
<testsuite hostname="TITAN" failures="0" tests="1" name="TutorialMaven.MavenBasics.Reports" time="9.454" errors="0" timestamp="2021-11-29T21:07:27 MST" skipped="0">
  <testcase classname="TutorialMaven.MavenBasics.Reports" name="initialDemo" time="9.454"/>
  <system-out/>
</testsuite> <!-- TutorialMaven.MavenBasics.Reports -->
