<?xml version="1.0" encoding="UTF-8"?>
<!-- Generated by org.testng.reporters.JUnitReportReporter -->
<testsuite hostname="TITAN" failures="0" tests="2" name="TutorialMaven.MavenBasics.AppiumTest" time="0.002" errors="0" timestamp="2021-11-29T18:11:02 MST" skipped="0">
  <testcase classname="TutorialMaven.MavenBasics.AppiumTest" name="NativeAPpAndroid" time="0.001"/>
  <system-out/>
  <testcase classname="TutorialMaven.MavenBasics.AppiumTest" name="IOSApps" time="0.001"/>
  <system-out/>
</testsuite> <!-- TutorialMaven.MavenBasics.AppiumTest -->
