<?xml version="1.0" encoding="UTF-8"?>
<!-- Generated by org.testng.reporters.JUnitReportReporter -->
<testsuite hostname="TITAN" failures="0" tests="2" name="TutorialMaven.MavenBasics.RESTAPITest" time="0.000" errors="0" timestamp="2021-11-29T18:11:02 MST" skipped="0">
  <testcase classname="TutorialMaven.MavenBasics.RESTAPITest" name="deleteTwitter" time="0.000"/>
  <system-out/>
  <testcase classname="TutorialMaven.MavenBasics.RESTAPITest" name="postJira" time="0.000"/>
  <system-out/>
</testsuite> <!-- TutorialMaven.MavenBasics.RESTAPITest -->
