<?xml version="1.0" encoding="UTF-8"?>
<!-- Generated by org.testng.reporters.JUnitReportReporter -->
<testsuite hostname="TITAN" failures="0" tests="2" name="TutorialMaven.MavenBasics.SeleniumTest" time="0.002" errors="0" timestamp="2021-11-29T18:13:47 MST" skipped="0">
  <testcase classname="TutorialMaven.MavenBasics.SeleniumTest" name="elementsUi" time="0.000"/>
  <system-out/>
  <testcase classname="TutorialMaven.MavenBasics.SeleniumTest" name="BrowserAUtomation" time="0.002"/>
  <system-out/>
</testsuite> <!-- TutorialMaven.MavenBasics.SeleniumTest -->
