<?xml version="1.0" encoding="UTF-8"?>
<!-- Generated by org.testng.reporters.JUnitReportReporter -->
<testsuite hostname="TITAN" failures="0" tests="1" name="testTutorial.testBasics" time="0.003" errors="0" timestamp="2022-02-10T12:42:25 MST" skipped="0">
  <testcase classname="testTutorial.testBasics" name="OpeningBrowser" time="0.003"/>
  <system-out/>
</testsuite> <!-- testTutorial.testBasics -->
